<!DOCTYPE html>
<html lang="en">
  <head>
    <meta charset="utf-8">
    <meta http-equiv="X-UA-Compatible" content="IE=edge">
    <meta name="viewport" content="width=device-width, initial-scale=1">
    <title>Bug 12805 - Code::Blocks History</title>

    <!-- Bootstrap -->
    <link rel="stylesheet" href="https://netdna.bootstrapcdn.com/bootstrap/3.1.1/css/bootstrap.min.css">
    <link rel="stylesheet" href="https://netdna.bootstrapcdn.com/bootstrap/3.1.1/css/bootstrap-theme.min.css">

    <!-- HTML5 Shim and Respond.js IE8 support of HTML5 elements and media queries -->
    <!-- WARNING: Respond.js doesn't work if you view the page via file:// -->
    <!--[if lt IE 9]>
      <script src="https://oss.maxcdn.com/libs/html5shiv/3.7.0/html5shiv.js"></script>
      <script src="https://oss.maxcdn.com/libs/respond.js/1.4.2/respond.min.js"></script>
    <![endif]-->
  </head>
  <body role="document">
    <div class="navbar navbar-inverse" role="navigation">
      <div class="container">
        <div class="navbar-header">
          <button type="button" class="navbar-toggle" data-toggle="collapse" data-target=".navbar-collapse">
            <span class="sr-only">Toggle navigation</span>
            <span class="icon-bar"></span>
            <span class="icon-bar"></span>
            <span class="icon-bar"></span>
          </button>
          <a class="navbar-brand" href="http://www.codeblocks.org/">Code::Blocks</a>
        </div>
        <div class="navbar-collapse collapse">
          <ul class="nav navbar-nav">
            <li><a href="../index.html">Home</a></li>
            <li class="active"><a href="../bugs.html">Bugs</a></li>
            <li><a href="../features.html">Features</a></li>
            <li><a href="../patches.html">Patches</a></li>
          </ul>
        </div>
      </div>
    </div>

    <div class="container" role="main">
      <div class="row">
        <div class="col-sm-8">
          <h3>Bug #12805 <small>2007-12-29 00:13</small></h3>
          <h4>smurfdaddy</h4>
          <p class="lead">PCH error?</p>
          <pre class="pre-scrollable">i use wxGTK 2.8.7 unicode shared on Ubuntu Feisty.

while building rev 4750 with PCH disabled i got : 

make[4]: Leaving directory `/media/sda9/workspace/codeblocks-svn/ubuntu/trunk/src/plugins/compilergcc/resources'
make[4]: Entering directory `/media/sda9/workspace/codeblocks-svn/ubuntu/trunk/src/plugins/compilergcc'
/bin/bash ../../../libtool --tag=CXX   --mode=compile g++ -DHAVE_CONFIG_H -I. -I../../../src/include -I/opt/wx/build-gtk2-2.8.7/lib/wx/include/gtk2-unicode-release-2.8 -I/opt/wx/build-gtk2-2.8.7/include/wx-2.8 -D_FILE_OFFSET_BITS=64 -D_LARGE_FILES -D__WXGTK__ -pthread -I../../../src/include -I../../../src/include/wxscintilla/include -I../../../src/include/scripting/include -I../../../src/include/scripting/sqplus -I../../../src/plugins/compilergcc/depslib/src  -Ulinux -Uunix -DDEPSLIB_UNIX -O2 -ffast-math -g -O2  -fPIC -DPIC -fexceptions -MT advancedcompileroptionsdlg.lo -MD -MP -MF .deps/advancedcompileroptionsdlg.Tpo -c -o advancedcompileroptionsdlg.lo advancedcompileroptionsdlg.cpp
mkdir .libs
 g++ -DHAVE_CONFIG_H -I. -I../../../src/include -I/opt/wx/build-gtk2-2.8.7/lib/wx/include/gtk2-unicode-release-2.8 -I/opt/wx/build-gtk2-2.8.7/include/wx-2.8 -D_FILE_OFFSET_BITS=64 -D_LARGE_FILES -D__WXGTK__ -pthread -I../../../src/include -I../../../src/include/wxscintilla/include -I../../../src/include/scripting/include -I../../../src/include/scripting/sqplus -I../../../src/plugins/compilergcc/depslib/src -Ulinux -Uunix -DDEPSLIB_UNIX -O2 -ffast-math -g -O2 -fPIC -DPIC -fexceptions -MT advancedcompileroptionsdlg.lo -MD -MP -MF .deps/advancedcompileroptionsdlg.Tpo -c advancedcompileroptionsdlg.cpp  -fPIC -DPIC -o .libs/advancedcompileroptionsdlg.o
advancedcompileroptionsdlg.cpp: In member function 'void AdvancedCompilerOptionsDlg::ReadCompilerOptions()':
advancedcompileroptionsdlg.cpp:78: error: 'wxChoice' was not declared in this scope
advancedcompileroptionsdlg.cpp:78: error: 'lst' was not declared in this scope
advancedcompileroptionsdlg.cpp:78: error: expected type-specifier before 'wxChoice'
advancedcompileroptionsdlg.cpp:78: error: expected `&gt;' before 'wxChoice'
advancedcompileroptionsdlg.cpp:78: error: expected `(' before 'wxChoice'
advancedcompileroptionsdlg.cpp:78: error: expected primary-expression before '&gt;' token
advancedcompileroptionsdlg.cpp:78: error: ISO C++ forbids declaration of 'type name' with no type
advancedcompileroptionsdlg.cpp:78: error: expected `&gt;' before 'wxChoice'
advancedcompileroptionsdlg.cpp:78: error: expected `(' before 'wxChoice'
advancedcompileroptionsdlg.cpp:78: error: expected primary-expression before '&gt;' token
advancedcompileroptionsdlg.cpp:78: error: expected `)' before ';' token
advancedcompileroptionsdlg.cpp:78: error: expected `)' before ';' token
advancedcompileroptionsdlg.cpp: In member function 'void AdvancedCompilerOptionsDlg::ReadExtensions(int)':
advancedcompileroptionsdlg.cpp:149: error: 'wxChoice' was not declared in this scope
advancedcompileroptionsdlg.cpp:149: error: 'cmb' was not declared in this scope
advancedcompileroptionsdlg.cpp:149: error: expected type-specifier before 'wxChoice'
advancedcompileroptionsdlg.cpp:149: error: expected `&gt;' before 'wxChoice'
advancedcompileroptionsdlg.cpp:149: error: expected `(' before 'wxChoice'
advancedcompileroptionsdlg.cpp:149: error: expected primary-expression before '&gt;' token
advancedcompileroptionsdlg.cpp:149: error: ISO C++ forbids declaration of 'type name' with no type
advancedcompileroptionsdlg.cpp:149: error: expected `&gt;' before 'wxChoice'
advancedcompileroptionsdlg.cpp:149: error: expected `(' before 'wxChoice'
advancedcompileroptionsdlg.cpp:149: error: expected primary-expression before '&gt;' token
advancedcompileroptionsdlg.cpp:149: error: expected `)' before ';' token
advancedcompileroptionsdlg.cpp:149: error: expected `)' before ';' token
advancedcompileroptionsdlg.cpp: In member function 'CompilerTool* AdvancedCompilerOptionsDlg::GetCompilerTool(int, int)':
advancedcompileroptionsdlg.cpp:160: error: 'wxChoice' was not declared in this scope
advancedcompileroptionsdlg.cpp:160: error: 'cmb' was not declared in this scope
advancedcompileroptionsdlg.cpp:160: error: expected type-specifier before 'wxChoice'
advancedcompileroptionsdlg.cpp:160: error: expected `&gt;' before 'wxChoice'
advancedcompileroptionsdlg.cpp:160: error: expected `(' before 'wxChoice'
advancedcompileroptionsdlg.cpp:160: error: expected primary-expression before '&gt;' token
advancedcompileroptionsdlg.cpp:160: error: ISO C++ forbids declaration of 'type name' with no type
advancedcompileroptionsdlg.cpp:160: error: expected `&gt;' before 'wxChoice'
advancedcompileroptionsdlg.cpp:160: error: expected `(' before 'wxChoice'
advancedcompileroptionsdlg.cpp:160: error: expected primary-expression before '&gt;' token
advancedcompileroptionsdlg.cpp:160: error: expected `)' before ';' token
advancedcompileroptionsdlg.cpp:160: error: expected `)' before ';' token
advancedcompileroptionsdlg.cpp: In member function 'void AdvancedCompilerOptionsDlg::OnCommandsChange(wxCommandEvent&amp;)':
advancedcompileroptionsdlg.cpp:283: error: expected type-specifier before 'wxChoice'
advancedcompileroptionsdlg.cpp:283: error: expected `&gt;' before 'wxChoice'
advancedcompileroptionsdlg.cpp:283: error: expected `(' before 'wxChoice'
advancedcompileroptionsdlg.cpp:283: error: 'wxChoice' was not declared in this scope
advancedcompileroptionsdlg.cpp:283: error: expected primary-expression before '&gt;' token
advancedcompileroptionsdlg.cpp:283: error: ISO C++ forbids declaration of 'type name' with no type
advancedcompileroptionsdlg.cpp:283: error: expected `&gt;' before 'wxChoice'
advancedcompileroptionsdlg.cpp:283: error: expected `(' before 'wxChoice'
advancedcompileroptionsdlg.cpp:283: error: expected primary-expression before '&gt;' token
advancedcompileroptionsdlg.cpp:283: error: expected `)' before ';' token
advancedcompileroptionsdlg.cpp:283: error: expected `)' before ';' token
advancedcompileroptionsdlg.cpp:284: error: expected type-specifier before 'wxChoice'
advancedcompileroptionsdlg.cpp:284: error: expected `&gt;' before 'wxChoice'
advancedcompileroptionsdlg.cpp:284: error: expected `(' before 'wxChoice'
advancedcompileroptionsdlg.cpp:284: error: expected primary-expression before '&gt;' token
advancedcompileroptionsdlg.cpp:284: error: ISO C++ forbids declaration of 'type name' with no type
advancedcompileroptionsdlg.cpp:284: error: expected `&gt;' before 'wxChoice'
advancedcompileroptionsdlg.cpp:284: error: expected `(' before 'wxChoice'
advancedcompileroptionsdlg.cpp:284: error: expected primary-expression before '&gt;' token
advancedcompileroptionsdlg.cpp:284: error: expected `)' before ';' token
advancedcompileroptionsdlg.cpp:284: error: expected `)' before ';' token
advancedcompileroptionsdlg.cpp: In member function 'void AdvancedCompilerOptionsDlg::OnExtChange(wxCommandEvent&amp;)':
advancedcompileroptionsdlg.cpp:292: error: expected type-specifier before 'wxChoice'
advancedcompileroptionsdlg.cpp:292: error: expected `&gt;' before 'wxChoice'
advancedcompileroptionsdlg.cpp:292: error: expected `(' before 'wxChoice'
advancedcompileroptionsdlg.cpp:292: error: 'wxChoice' was not declared in this scope
advancedcompileroptionsdlg.cpp:292: error: expected primary-expression before '&gt;' token
advancedcompileroptionsdlg.cpp:292: error: ISO C++ forbids declaration of 'type name' with no type
advancedcompileroptionsdlg.cpp:292: error: expected `&gt;' before 'wxChoice'
advancedcompileroptionsdlg.cpp:292: error: expected `(' before 'wxChoice'
advancedcompileroptionsdlg.cpp:292: error: expected primary-expression before '&gt;' token
advancedcompileroptionsdlg.cpp:292: error: expected `)' before ';' token
advancedcompileroptionsdlg.cpp:292: error: expected `)' before ';' token
advancedcompileroptionsdlg.cpp:293: error: expected type-specifier before 'wxChoice'
advancedcompileroptionsdlg.cpp:293: error: expected `&gt;' before 'wxChoice'
advancedcompileroptionsdlg.cpp:293: error: expected `(' before 'wxChoice'
advancedcompileroptionsdlg.cpp:293: error: expected primary-expression before '&gt;' token
advancedcompileroptionsdlg.cpp:293: error: ISO C++ forbids declaration of 'type name' with no type
advancedcompileroptionsdlg.cpp:293: error: expected `&gt;' before 'wxChoice'
advancedcompileroptionsdlg.cpp:293: error: expected `(' before 'wxChoice'
advancedcompileroptionsdlg.cpp:293: error: expected primary-expression before '&gt;' token
advancedcompileroptionsdlg.cpp:293: error: expected `)' before ';' token
advancedcompileroptionsdlg.cpp:293: error: expected `)' before ';' token
advancedcompileroptionsdlg.cpp: In member function 'void AdvancedCompilerOptionsDlg::OnAddExt(wxCommandEvent&amp;)':
advancedcompileroptionsdlg.cpp:305: error: expected type-specifier before 'wxChoice'
advancedcompileroptionsdlg.cpp:305: error: expected `&gt;' before 'wxChoice'
advancedcompileroptionsdlg.cpp:305: error: expected `(' before 'wxChoice'
advancedcompileroptionsdlg.cpp:305: error: 'wxChoice' was not declared in this scope
advancedcompileroptionsdlg.cpp:305: error: expected primary-expression before '&gt;' token
advancedcompileroptionsdlg.cpp:305: error: ISO C++ forbids declaration of 'type name' with no type
advancedcompileroptionsdlg.cpp:305: error: expected `&gt;' before 'wxChoice'
advancedcompileroptionsdlg.cpp:305: error: expected `(' before 'wxChoice'
advancedcompileroptionsdlg.cpp:305: error: expected primary-expression before '&gt;' token
advancedcompileroptionsdlg.cpp:305: error: expected `)' before ';' token
advancedcompileroptionsdlg.cpp:305: error: expected `)' before ';' token
advancedcompileroptionsdlg.cpp:310: error: 'cmb' was not declared in this scope
advancedcompileroptionsdlg.cpp:310: error: expected type-specifier before 'wxChoice'
advancedcompileroptionsdlg.cpp:310: error: expected `&gt;' before 'wxChoice'
advancedcompileroptionsdlg.cpp:310: error: expected `(' before 'wxChoice'
advancedcompileroptionsdlg.cpp:310: error: expected primary-expression before '&gt;' token
advancedcompileroptionsdlg.cpp:310: error: ISO C++ forbids declaration of 'type name' with no type
advancedcompileroptionsdlg.cpp:310: error: expected `&gt;' before 'wxChoice'
advancedcompileroptionsdlg.cpp:310: error: expected `(' before 'wxChoice'
advancedcompileroptionsdlg.cpp:310: error: expected primary-expression before '&gt;' token
advancedcompileroptionsdlg.cpp:310: error: expected `)' before ';' token
advancedcompileroptionsdlg.cpp:310: error: expected `)' before ';' token
advancedcompileroptionsdlg.cpp: In member function 'void AdvancedCompilerOptionsDlg::OnDelExt(wxCommandEvent&amp;)':
advancedcompileroptionsdlg.cpp:320: error: expected type-specifier before 'wxChoice'
advancedcompileroptionsdlg.cpp:320: error: expected `&gt;' before 'wxChoice'
advancedcompileroptionsdlg.cpp:320: error: expected `(' before 'wxChoice'
advancedcompileroptionsdlg.cpp:320: error: 'wxChoice' was not declared in this scope
advancedcompileroptionsdlg.cpp:320: error: expected primary-expression before '&gt;' token
advancedcompileroptionsdlg.cpp:320: error: ISO C++ forbids declaration of 'type name' with no type
advancedcompileroptionsdlg.cpp:320: error: expected `&gt;' before 'wxChoice'
advancedcompileroptionsdlg.cpp:320: error: expected `(' before 'wxChoice'
advancedcompileroptionsdlg.cpp:320: error: expected primary-expression before '&gt;' token
advancedcompileroptionsdlg.cpp:320: error: expected `)' before ';' token
advancedcompileroptionsdlg.cpp:320: error: expected `)' before ';' token
advancedcompileroptionsdlg.cpp:321: error: 'cmb' was not declared in this scope
advancedcompileroptionsdlg.cpp:321: error: expected type-specifier before 'wxChoice'
advancedcompileroptionsdlg.cpp:321: error: expected `&gt;' before 'wxChoice'
advancedcompileroptionsdlg.cpp:321: error: expected `(' before 'wxChoice'
advancedcompileroptionsdlg.cpp:321: error: expected primary-expression before '&gt;' token
advancedcompileroptionsdlg.cpp:321: error: ISO C++ forbids declaration of 'type name' with no type
advancedcompileroptionsdlg.cpp:321: error: expected `&gt;' before 'wxChoice'
advancedcompileroptionsdlg.cpp:321: error: expected `(' before 'wxChoice'
advancedcompileroptionsdlg.cpp:321: error: expected primary-expression before '&gt;' token
advancedcompileroptionsdlg.cpp:321: error: expected `)' before ';' token
advancedcompileroptionsdlg.cpp:321: error: expected `)' before ';' token
make[4]: *** [advancedcompileroptionsdlg.lo] Error 1
make[4]: Leaving directory `/media/sda9/workspace/codeblocks-svn/ubuntu/trunk/src/plugins/compilergcc'
make[3]: *** [all-recursive] Error 1
make[3]: Leaving directory `/media/sda9/workspace/codeblocks-svn/ubuntu/trunk/src/plugins/compilergcc'
make[2]: *** [all-recursive] Error 1
make[2]: Leaving directory `/media/sda9/workspace/codeblocks-svn/ubuntu/trunk/src/plugins'
make[1]: *** [all-recursive] Error 1
make[1]: Leaving directory `/media/sda9/workspace/codeblocks-svn/ubuntu/trunk/src'
make: *** [all-recursive] Error 1
</pre>
        </div>
        <div class="col-sm-4">
          <dl class="dl-horizontal">
            <dt>Category</dt><dd>Compiler</dd>
            <dt>Group</dt><dd>&nbsp;</dd>
            <dt>Status</dt><dd>Closed</dd>
            <dt>Close date</dt><dd>2008-01-26 01:50</dd>
            <dt>Assigned to</dt><dd>&nbsp;</dd>
          </dl>
        </div>
      </div>
      <h4 class="page-header">History</h4>
      <div class="panel panel-default">
        <div class="panel-heading">biplab 2008-01-20 04:49</div>
        <div class="panel-body">
          <p>Does this bug still persist?</p>
        </div>
      </div>
      <div class="panel panel-default">
        <div class="panel-heading">smurfdaddy 2008-01-20 20:17</div>
        <div class="panel-body">
          <p>I managed to make a full rebuild (of the latest revision) and didn't got this bug again.</p>
          <p>was it solved?</p>
        </div>
      </div>
      <div class="panel panel-default">
        <div class="panel-heading">biplab 2008-01-26 01:50</div>
        <div class="panel-body">
          <p>This bug has been fixed sometimes back. Thanks for reporting it.</p>
        </div>
      </div>
    </div>

    <!-- jQuery (necessary for Bootstrap's JavaScript plugins) -->
    <script src="https://ajax.googleapis.com/ajax/libs/jquery/1.11.0/jquery.min.js"></script>
    <!-- Include all compiled plugins (below), or include individual files as needed -->
    <script src="https://netdna.bootstrapcdn.com/bootstrap/3.1.1/js/bootstrap.min.js"></script>
  </body>
</html>